<?xml version="1.0" encoding="UTF-8"?>
<!-- Generated by org.testng.reporters.JUnitXMLReporter -->
<testsuite ignored="0" hostname="DESKTOP-DC5U0BQ" failures="0" tests="8" name="Default test" time="16.059" errors="0" timestamp="2023-11-15T17:01:51 IST">
  <testcase classname="api.test.DDtest" name="post_test" time="4.091"/>
  <testcase classname="api.test.DDtest" name="post_test" time="1.492"/>
  <testcase classname="api.test.DDtest" name="post_test" time="1.458"/>
  <testcase classname="api.test.DDtest" name="post_test" time="1.375"/>
  <testcase classname="api.test.DDtest" name="delete_data" time="1.399"/>
  <testcase classname="api.test.DDtest" name="delete_data" time="1.375"/>
  <testcase classname="api.test.DDtest" name="delete_data" time="1.4"/>
  <testcase classname="api.test.DDtest" name="delete_data" time="1.37"/>
</testsuite> <!-- Default test -->
