<?xml version="1.0" encoding="UTF-8"?>
<!-- Generated by org.testng.reporters.JUnitXMLReporter -->
<testsuite ignored="3" hostname="DESKTOP-3VDDFOT" failures="0" tests="1" name="Default test" time="2.792" errors="0" timestamp="2024-07-11T17:44:42 IST">
  <testcase classname="api.test.User_test" name="get_Country_Code" time="2.249"/>
  <testcase classname="api.test.User_test" name="Send_OTP" time="0.0">
    <ignored/>
  </testcase> <!-- Send_OTP -->
  <testcase classname="api.test.User_test" name="Verify_DMS" time="0.0">
    <ignored/>
  </testcase> <!-- Verify_DMS -->
  <testcase classname="api.test.User_test" name="Verify_API" time="0.0">
    <ignored/>
  </testcase> <!-- Verify_API -->
</testsuite> <!-- Default test -->
