<?xml version="1.0" encoding="UTF-8"?>
<!-- Generated by org.testng.reporters.JUnitXMLReporter -->
<testsuite ignored="0" hostname="DESKTOP-3VDDFOT" failures="2" tests="4" name="Test" time="6.152" errors="0" timestamp="2024-07-31T11:58:01 IST">
  <testcase classname="api.test.User_test" name="get_Country_Code" time="2.391"/>
  <testcase classname="api.test.User_test" name="Verify_DMS" time="2.499"/>
  <testcase classname="api.test.User_test" name="Send_OTP" time="0.157">
    <failure type="java.lang.AssertionError" message="expected [200] but found [500]">
      <![CDATA[java.lang.AssertionError: expected [200] but found [500]
at api.test.User_test.Send_OTP(User_test.java:55)
at java.base/java.util.ArrayList.forEach(ArrayList.java:1597)
... Removed 32 stack frames]]>
    </failure>
  </testcase> <!-- Send_OTP -->
  <testcase classname="api.test.User_test" name="Verify_API" time="0.148">
    <failure type="java.lang.AssertionError" message="expected [200] but found [500]">
      <![CDATA[java.lang.AssertionError: expected [200] but found [500]
at api.test.User_test.Verify_API(User_test.java:67)
at java.base/java.util.ArrayList.forEach(ArrayList.java:1597)
... Removed 32 stack frames]]>
    </failure>
  </testcase> <!-- Verify_API -->
</testsuite> <!-- Test -->
