<?xml version="1.0" encoding="UTF-8"?>
<!-- Generated by org.testng.reporters.JUnitXMLReporter -->
<testsuite ignored="0" hostname="DESKTOP-3VDDFOT" failures="0" tests="4" name="Test" time="21.512" errors="0" timestamp="2024-07-12T09:34:17 IST">
  <testcase classname="api.test.User_test" name="get_Country_Code" time="2.699"/>
  <testcase classname="api.test.User_test" name="Verify_DMS" time="17.483"/>
  <testcase classname="api.test.User_test" name="Send_OTP" time="0.235"/>
  <testcase classname="api.test.User_test" name="Verify_API" time="0.294"/>
</testsuite> <!-- Test -->
