<?xml version="1.0" encoding="UTF-8"?>
<!-- Generated by org.testng.reporters.JUnitXMLReporter -->
<testsuite ignored="0" hostname="DESKTOP-DC5U0BQ" failures="0" tests="4" name="Test" time="10.429" errors="0" timestamp="2023-11-17T10:02:30 IST">
  <testcase classname="api.test.User_test" name="test_Postuser" time="3.667"/>
  <testcase classname="api.test.User_test" name="test_getUser" time="1.431"/>
  <testcase classname="api.test.User_test" name="test_updateUser" time="2.824"/>
  <testcase classname="api.test.User_test" name="test_deleteUser" time="1.331"/>
</testsuite> <!-- Test -->
