<?xml version="1.0" encoding="UTF-8"?>
<testng-results ignored="0" total="4" passed="4" failed="0" skipped="0">
  <reporter-output>
  </reporter-output>
  <suite started-at="2023-11-14T16:58:39 IST" name="Default suite" finished-at="2023-11-14T16:58:49 IST" duration-ms="9500">
    <groups>
    </groups>
    <test started-at="2023-11-14T16:58:39 IST" name="Default test" finished-at="2023-11-14T16:58:49 IST" duration-ms="9500">
      <class name="api.test.User_test">
        <test-method is-config="true" signature="setup_data()[pri:0, instance:api.test.User_test@1283bb96]" started-at="2023-11-14T16:58:39 IST" name="setup_data" finished-at="2023-11-14T16:58:39 IST" duration-ms="244" status="PASS">
          <reporter-output>
          </reporter-output>
        </test-method> <!-- setup_data -->
        <test-method signature="test_Postuser()[pri:0, instance:api.test.User_test@1283bb96]" started-at="2023-11-14T16:58:39 IST" name="test_Postuser" finished-at="2023-11-14T16:58:43 IST" duration-ms="3479" status="PASS">
          <reporter-output>
          </reporter-output>
        </test-method> <!-- test_Postuser -->
        <test-method signature="test_getUser()[pri:1, instance:api.test.User_test@1283bb96]" started-at="2023-11-14T16:58:43 IST" name="test_getUser" finished-at="2023-11-14T16:58:44 IST" duration-ms="1393" status="PASS">
          <reporter-output>
          </reporter-output>
        </test-method> <!-- test_getUser -->
        <test-method signature="test_updateUser()[pri:2, instance:api.test.User_test@1283bb96]" started-at="2023-11-14T16:58:44 IST" name="test_updateUser" finished-at="2023-11-14T16:58:47 IST" duration-ms="2925" status="PASS">
          <reporter-output>
          </reporter-output>
        </test-method> <!-- test_updateUser -->
        <test-method signature="test_deleteUser()[pri:3, instance:api.test.User_test@1283bb96]" started-at="2023-11-14T16:58:47 IST" name="test_deleteUser" finished-at="2023-11-14T16:58:49 IST" duration-ms="1393" status="PASS">
          <reporter-output>
          </reporter-output>
        </test-method> <!-- test_deleteUser -->
      </class> <!-- api.test.User_test -->
    </test> <!-- Default test -->
  </suite> <!-- Default suite -->
</testng-results>
