<?xml version="1.0" encoding="UTF-8"?>
<testng-results ignored="0" total="1" passed="1" failed="0" skipped="0">
  <reporter-output>
  </reporter-output>
  <suite started-at="2023-11-20T18:01:33 IST" name="Default suite" finished-at="2023-11-20T18:01:34 IST" duration-ms="1800">
    <groups>
    </groups>
    <test started-at="2023-11-20T18:01:33 IST" name="Default test" finished-at="2023-11-20T18:01:34 IST" duration-ms="1800">
      <class name="Methods.OneApp">
        <test-method signature="oneApp_validate()[pri:0, instance:Methods.OneApp@2b662a77]" started-at="2023-11-20T18:01:33 IST" name="oneApp_validate" finished-at="2023-11-20T18:01:34 IST" duration-ms="1762" status="PASS">
          <reporter-output>
          </reporter-output>
        </test-method> <!-- oneApp_validate -->
      </class> <!-- Methods.OneApp -->
    </test> <!-- Default test -->
  </suite> <!-- Default suite -->
</testng-results>
